<?xml version="1.0" encoding="UTF-8"?>
<testng-results ignored="0" total="1" passed="1" failed="0" skipped="0">
  <reporter-output>
  </reporter-output>
  <suite started-at="2023-03-02T12:30:16 IST" name="Default suite" finished-at="2023-03-02T12:30:44 IST" duration-ms="28112">
    <groups>
    </groups>
    <test started-at="2023-03-02T12:30:16 IST" name="Default test" finished-at="2023-03-02T12:30:44 IST" duration-ms="28112">
      <class name="testscripts.ThirdTest">
        <test-method is-config="true" signature="classConfiguration()[pri:0, instance:testscripts.ThirdTest@c88a337]" started-at="2023-03-02T12:30:16 IST" name="classConfiguration" finished-at="2023-03-02T12:30:17 IST" duration-ms="995" status="PASS">
          <reporter-output>
          </reporter-output>
        </test-method> <!-- classConfiguration -->
        <test-method is-config="true" signature="methodconfiguration()[pri:0, instance:testscripts.ThirdTest@c88a337]" started-at="2023-03-02T12:30:17 IST" name="methodconfiguration" finished-at="2023-03-02T12:30:25 IST" duration-ms="7220" status="PASS">
          <reporter-output>
          </reporter-output>
        </test-method> <!-- methodconfiguration -->
        <test-method signature="thirdTest()[pri:0, instance:testscripts.ThirdTest@c88a337]" started-at="2023-03-02T12:30:25 IST" name="thirdTest" finished-at="2023-03-02T12:30:44 IST" duration-ms="19489" status="PASS">
          <reporter-output>
          </reporter-output>
        </test-method> <!-- thirdTest -->
        <test-method is-config="true" signature="methodTearDown()[pri:0, instance:testscripts.ThirdTest@c88a337]" started-at="2023-03-02T12:30:44 IST" name="methodTearDown" finished-at="2023-03-02T12:30:44 IST" duration-ms="348" status="PASS">
          <reporter-output>
          </reporter-output>
        </test-method> <!-- methodTearDown -->
        <test-method is-config="true" signature="classTearDown()[pri:0, instance:testscripts.ThirdTest@c88a337]" started-at="2023-03-02T12:30:44 IST" name="classTearDown" finished-at="2023-03-02T12:30:44 IST" duration-ms="0" status="PASS">
          <reporter-output>
          </reporter-output>
        </test-method> <!-- classTearDown -->
      </class> <!-- testscripts.ThirdTest -->
    </test> <!-- Default test -->
  </suite> <!-- Default suite -->
</testng-results>
